<?xml version="1.0" encoding="UTF-8"?>
<testsuite xmlns:xsi="http://www.w3.org/2001/XMLSchema-instance" xsi:noNamespaceSchemaLocation="https://maven.apache.org/surefire/maven-surefire-plugin/xsd/surefire-test-report-3.0.xsd" version="3.0" name="AreaCheckTest" time="0.068" tests="15" errors="0" skipped="0" failures="0">
  <properties>
[...]
</properties>
  <testcase name="testTriangleHitNegative" classname="AreaCheckTest" time="0.024"/>
  <testcase name="testRectangleHitPositive" classname="AreaCheckTest" time="0.002"/>
  <testcase name="testRectangleHitNegative" classname="AreaCheckTest" time="0.002"/>
  <testcase name="testMultiplePointsInCircleArea" classname="AreaCheckTest" time="0.001"/>
  <testcase name="testCircleHitPositive" classname="AreaCheckTest" time="0.0"/>
  <testcase name="testCircleHitNegative" classname="AreaCheckTest" time="0.001"/>
  <testcase name="testBorderCasesRectangle" classname="AreaCheckTest" time="0.001"/>
  <testcase name="testMultiplePointsInTriangleArea" classname="AreaCheckTest" time="0.001"/>
  <testcase name="testMultiplePointsInRectangleArea" classname="AreaCheckTest" time="0.0"/>
  <testcase name="testOutsideAllAreas" classname="AreaCheckTest" time="0.0"/>
  <testcase name="testBorderCasesTriangle" classname="AreaCheckTest" time="0.0"/>
  <testcase name="testBorderCasesCircle" classname="AreaCheckTest" time="0.0"/>
  <testcase name="testOrigin" classname="AreaCheckTest" time="0.0"/>
  <testcase name="testTriangleHitPositive" classname="AreaCheckTest" time="0.0"/>
  <testcase name="testNullCoordinates" classname="AreaCheckTest" time="0.001"/>
</testsuite>